acpi
acpi_call-dkms
acpid
apache
bluez
bluez-utils
clamav
cups
dialog
dmidecode
dnsmasq
dosfstools
efibootmgr
ffmpegthumbnailer
firefox
firewalld
inetutils
libdvdcss
mariadb
mtools
networkmanager
nfs-utils
openbsd-netcat
pacman-contrib
perl-cgi
perl-dbd-mysql
perl-dbi
perl-template-toolkit
php
php-apache
phpmyadmin
pyenv
rsync
s-nail
samba
sassc
sysprof
tecla
tlp
virt-manager
vlc
wireguard-tools
xdg-user-dirs
xdg-utils
yt-dlp
unzip
qemu-full
bc
qemu-system-x86
qemu-system-x86-firmware
openresolv
